<?xml version="1.0" encoding="UTF-8"?>
<testng-results ignored="0" total="1" passed="1" failed="0" skipped="0">
  <reporter-output>
  </reporter-output>
  <suite started-at="2023-07-12T11:00:49 IST" name="Default suite" finished-at="2023-07-12T11:00:49 IST" duration-ms="39">
    <groups>
    </groups>
    <test started-at="2023-07-12T11:00:49 IST" name="Default test" finished-at="2023-07-12T11:00:49 IST" duration-ms="39">
      <class name="projectTestPack.browser">
        <test-method signature="mi()[pri:0, instance:projectTestPack.browser@d4342c2]" started-at="2023-07-12T11:00:49 IST" name="mi" finished-at="2023-07-12T11:00:49 IST" duration-ms="8" status="PASS">
          <reporter-output>
          </reporter-output>
        </test-method> <!-- mi -->
      </class> <!-- projectTestPack.browser -->
    </test> <!-- Default test -->
  </suite> <!-- Default suite -->
</testng-results>
